<?xml version="1.0" encoding="UTF-8"?>
<testng-results skipped="0" failed="0" total="0" passed="0">
  <reporter-output>
  </reporter-output>
  <suite name="TaskWorldLogin.TaskWorldLogin.AppTest" duration-ms="3" started-at="2019-11-23T14:21:38Z" finished-at="2019-11-23T14:21:38Z">
    <groups>
    </groups>
    <test name="Command line test" duration-ms="3" started-at="2019-11-23T14:21:38Z" finished-at="2019-11-23T14:21:38Z">
    </test> <!-- Command line test -->
  </suite> <!-- TaskWorldLogin.TaskWorldLogin.AppTest -->
</testng-results>
